<?xml version="1.0" encoding="UTF-8"?>
<!-- Generated by org.testng.reporters.JUnitReportReporter -->
<testsuite hostname="PPTLAP102" failures="0" tests="3" name="com.dvm.qa.selenium.testcases.LoginPageTest" time="155.184" errors="0" timestamp="2025-04-17T23:10:21 IST" skipped="0">
  <testcase classname="com.dvm.qa.selenium.testcases.LoginPageTest" name="verify_Login_with_valid_credentials" time="45.334"/>
  <testcase classname="com.dvm.qa.selenium.testcases.LoginPageTest" name="verify_Login_with_valid_credentials" time="73.650"/>
  <testcase classname="com.dvm.qa.selenium.testcases.LoginPageTest" name="verify_Login_with_valid_credentials" time="36.200"/>
</testsuite> <!-- com.dvm.qa.selenium.testcases.LoginPageTest -->
