<?xml version="1.0" encoding="UTF-8"?>
<!-- Generated by org.testng.reporters.JUnitReportReporter -->
<testsuite hostname="PPTLAP102" failures="0" tests="3" name="com.dvm.qa.selenium.testcases.LoginPageTest" time="42.994" errors="0" timestamp="2025-04-24T22:07:01 IST" skipped="0">
  <testcase classname="com.dvm.qa.selenium.testcases.LoginPageTest" name="verify_Login_with_valid_credentials" time="13.015"/>
  <testcase classname="com.dvm.qa.selenium.testcases.LoginPageTest" name="verify_Login_with_valid_credentials" time="13.218"/>
  <testcase classname="com.dvm.qa.selenium.testcases.LoginPageTest" name="verify_Login_with_valid_credentials" time="16.761"/>
</testsuite> <!-- com.dvm.qa.selenium.testcases.LoginPageTest -->
