<?xml version="1.0" encoding="UTF-8"?>
<!-- Generated by org.testng.reporters.JUnitReportReporter -->
<testsuite hostname="PPTLAP102" failures="0" tests="3" name="com.dvm.qa.selenium.testcases.LoginPageTest" time="45.135" errors="0" timestamp="2025-04-24T23:53:06 IST" skipped="0">
  <testcase classname="com.dvm.qa.selenium.testcases.LoginPageTest" name="verify_Login_with_valid_credentials" time="18.823"/>
  <testcase classname="com.dvm.qa.selenium.testcases.LoginPageTest" name="verify_Login_with_valid_credentials" time="13.319"/>
  <testcase classname="com.dvm.qa.selenium.testcases.LoginPageTest" name="verify_Login_with_valid_credentials" time="12.993"/>
</testsuite> <!-- com.dvm.qa.selenium.testcases.LoginPageTest -->
