<?xml version="1.0" encoding="UTF-8"?>
<!-- Generated by org.testng.reporters.JUnitReportReporter -->
<testsuite hostname="PPTLAP102" failures="0" tests="3" name="com.dvm.qa.selenium.testcases.LoginPageTest" time="76.188" errors="0" timestamp="2025-04-18T00:12:16 IST" skipped="0">
  <testcase classname="com.dvm.qa.selenium.testcases.LoginPageTest" name="verify_Login_with_valid_credentials" time="36.361"/>
  <testcase classname="com.dvm.qa.selenium.testcases.LoginPageTest" name="verify_Login_with_valid_credentials" time="20.816"/>
  <testcase classname="com.dvm.qa.selenium.testcases.LoginPageTest" name="verify_Login_with_valid_credentials" time="19.011"/>
</testsuite> <!-- com.dvm.qa.selenium.testcases.LoginPageTest -->
