<?xml version="1.0" encoding="UTF-8"?>
<!-- Generated by org.testng.reporters.JUnitReportReporter -->
<testsuite hostname="PPTLAP102" failures="0" tests="3" name="com.dvm.qa.selenium.testcases.LoginPageTest" time="92.855" errors="0" timestamp="2025-04-23T14:37:26 IST" skipped="0">
  <testcase classname="com.dvm.qa.selenium.testcases.LoginPageTest" name="verify_Login_with_valid_credentials" time="20.686"/>
  <testcase classname="com.dvm.qa.selenium.testcases.LoginPageTest" name="verify_Login_with_valid_credentials" time="43.612"/>
  <testcase classname="com.dvm.qa.selenium.testcases.LoginPageTest" name="verify_Login_with_valid_credentials" time="28.557"/>
</testsuite> <!-- com.dvm.qa.selenium.testcases.LoginPageTest -->
